\BOOKMARK [1][-]{section.1}{Conspectus}{}% 1
\BOOKMARK [2][-]{subsection.1.1}{What are the objectives of the coursework?}{section.1}% 2
\BOOKMARK [2][-]{subsection.1.2}{How does the coursework fit with the course and previously done coursework?}{section.1}% 3
\BOOKMARK [2][-]{subsection.1.3}{How were the objectives achieved?}{section.1}% 4
\BOOKMARK [2][-]{subsection.1.4}{What are the key results and generalizations?}{section.1}% 5
\BOOKMARK [1][-]{section.2}{Concepts and Principles}{}% 6
\BOOKMARK [2][-]{subsection.2.1}{What are the necessary and relevant concepts and principles for understanding the coursework and for supporting the correct results?}{section.2}% 7
\BOOKMARK [2][-]{subsection.2.2}{How does any new component, not covered in previous coursework, function?}{section.2}% 8
\BOOKMARK [2][-]{subsection.2.3}{What figures, equations, and/or tables could support your answers in Sec. 2.1 and Sec.2.2?}{section.2}% 9
\BOOKMARK [2][-]{subsection.2.4}{Did you cite more than two publications in your answers in Sec. 2.1. and 2.2}{section.2}% 10
\BOOKMARK [2][-]{subsection.2.5}{Did you cite any online source in your answers in Sec.2.1 and Sec.2.2?}{section.2}% 11
\BOOKMARK [1][-]{section.3}{Methodology}{}% 12
\BOOKMARK [2][-]{subsection.3.1}{How does your implementation in Sec. 3.5 achieve the objectives?}{section.3}% 13
\BOOKMARK [2][-]{subsection.3.2}{Why does your implementation in Sec. 3.5 achieve the objectives?}{section.3}% 14
\BOOKMARK [2][-]{subsection.3.3}{How does your evaluation in Sec. 3.6 achieve the objectives?}{section.3}% 15
\BOOKMARK [2][-]{subsection.3.4}{Why does your evaluation in Sec. 3.6 achieve the objectives?}{section.3}% 16
\BOOKMARK [2][-]{subsection.3.5}{Implementation}{section.3}% 17
\BOOKMARK [3][-]{subsubsection.3.5.1}{What were the materials used?}{subsection.3.5}% 18
\BOOKMARK [3][-]{subsubsection.3.5.2}{What is the summary of the processes used to make the coursework?}{subsection.3.5}% 19
\BOOKMARK [2][-]{subsection.3.6}{Evaluation}{section.3}% 20
\BOOKMARK [3][-]{subsubsection.3.6.1}{What were your procedures for evaluating the correct outcome of your coursework?}{subsection.3.6}% 21
\BOOKMARK [3][-]{subsubsection.3.6.2}{What quantities were gathered and how have you obtained them for testing the veracity of your results?}{subsection.3.6}% 22
\BOOKMARK [1][-]{section.4}{Results and Discussions}{}% 23
\BOOKMARK [2][-]{subsection.4.1}{How do the results achieve the objectives?}{section.4}% 24
\BOOKMARK [2][-]{subsection.4.2}{Why do the results achieve the objectives?}{section.4}% 25
\BOOKMARK [2][-]{subsection.4.3}{Are all you results correct in accordance to what you described in Sec. 3.6 evaluation process? Why?}{section.4}% 26
\BOOKMARK [2][-]{subsection.4.4}{What is result X \(briefly describe it here\), what does it mean if it is correct, and how does it contribute in reaching the objectives?}{section.4}% 27
\BOOKMARK [2][-]{subsection.4.5}{Did you cite more than two publications in your answers above \(yes/no\)?}{section.4}% 28
\BOOKMARK [1][-]{section.5}{Conclusions}{}% 29
\BOOKMARK [2][-]{subsection.5.1}{What are the main points that should be known, remembered, and learned about the coursework?}{section.5}% 30
\BOOKMARK [2][-]{subsection.5.2}{What are the gists of the inferences drawn from your results?}{section.5}% 31
\BOOKMARK [2][-]{subsection.5.3}{Briefly, what are your comments on \(1\) your results, and \(2\) future coursework if any?}{section.5}% 32
\BOOKMARK [1][-]{section*.1}{References}{}% 33
